[07-Apr-2023 17:10:05 Europe/Berlin] Inicia App
[07-Apr-2023 17:10:13 Europe/Berlin] Inicia App
[07-Apr-2023 17:10:13 Europe/Berlin] PHP Warning:  Undefined array key "email" in C:\xampp\htdocs\facturacion\index.php on line 76
[07-Apr-2023 17:10:13 Europe/Berlin] PHP Stack trace:
[07-Apr-2023 17:10:13 Europe/Berlin] PHP   1. {main}() C:\xampp\htdocs\facturacion\index.php:0
[07-Apr-2023 17:10:58 Europe/Berlin] Inicia App
[07-Apr-2023 17:12:47 Europe/Berlin] Inicia App
[07-Apr-2023 17:12:53 Europe/Berlin] Inicia App
[07-Apr-2023 17:12:57 Europe/Berlin] Inicia App
[07-Apr-2023 17:13:10 Europe/Berlin] Inicia App
[07-Apr-2023 17:13:13 Europe/Berlin] Inicia App
[07-Apr-2023 17:13:18 Europe/Berlin] Inicia App
[07-Apr-2023 17:13:23 Europe/Berlin] Inicia App
[07-Apr-2023 17:13:23 Europe/Berlin] Inicia App
[07-Apr-2023 17:13:24 Europe/Berlin] Inicia App
[07-Apr-2023 17:13:25 Europe/Berlin] Inicia App
[07-Apr-2023 17:13:26 Europe/Berlin] Inicia App
[07-Apr-2023 17:13:27 Europe/Berlin] Inicia App
[07-Apr-2023 17:13:28 Europe/Berlin] Inicia App
[07-Apr-2023 17:13:28 Europe/Berlin] Inicia App
[07-Apr-2023 17:13:29 Europe/Berlin] Inicia App
[07-Apr-2023 17:13:30 Europe/Berlin] Inicia App
[07-Apr-2023 17:13:32 Europe/Berlin] Inicia App
[07-Apr-2023 17:13:33 Europe/Berlin] Inicia App
[07-Apr-2023 17:13:34 Europe/Berlin] Inicia App
[07-Apr-2023 17:13:35 Europe/Berlin] Inicia App
[07-Apr-2023 17:13:36 Europe/Berlin] Inicia App
[07-Apr-2023 17:13:37 Europe/Berlin] Inicia App
[07-Apr-2023 17:13:38 Europe/Berlin] Inicia App
[07-Apr-2023 17:13:38 Europe/Berlin] Inicia App
[07-Apr-2023 17:13:39 Europe/Berlin] Inicia App
[07-Apr-2023 17:13:40 Europe/Berlin] Inicia App
[07-Apr-2023 17:13:41 Europe/Berlin] Inicia App
[07-Apr-2023 17:13:41 Europe/Berlin] Inicia App
[07-Apr-2023 17:13:42 Europe/Berlin] Inicia App
[07-Apr-2023 17:13:42 Europe/Berlin] Inicia App
[07-Apr-2023 17:13:42 Europe/Berlin] Inicia App
[07-Apr-2023 17:13:43 Europe/Berlin] Inicia App
[07-Apr-2023 17:13:43 Europe/Berlin] Inicia App
[07-Apr-2023 17:13:44 Europe/Berlin] Inicia App
[07-Apr-2023 17:13:44 Europe/Berlin] Inicia App
[07-Apr-2023 17:13:44 Europe/Berlin] Inicia App
[07-Apr-2023 17:13:45 Europe/Berlin] Inicia App
[07-Apr-2023 17:13:47 Europe/Berlin] Inicia App
[07-Apr-2023 17:14:49 Europe/Berlin] Inicia App
[07-Apr-2023 17:14:53 Europe/Berlin] Inicia App
[07-Apr-2023 17:15:00 Europe/Berlin] Inicia App
[07-Apr-2023 17:15:26 Europe/Berlin] Inicia App
[07-Apr-2023 17:15:30 Europe/Berlin] Inicia App
[07-Apr-2023 17:15:35 Europe/Berlin] Inicia App
[07-Apr-2023 17:15:36 Europe/Berlin] Inicia App
[07-Apr-2023 17:15:36 Europe/Berlin] Inicia App
[07-Apr-2023 17:15:37 Europe/Berlin] Inicia App
[07-Apr-2023 17:15:38 Europe/Berlin] Inicia App
[07-Apr-2023 17:15:39 Europe/Berlin] Inicia App
[07-Apr-2023 17:15:40 Europe/Berlin] Inicia App
[07-Apr-2023 17:15:41 Europe/Berlin] Inicia App
[07-Apr-2023 17:15:42 Europe/Berlin] Inicia App
[07-Apr-2023 17:15:42 Europe/Berlin] Inicia App
[07-Apr-2023 17:15:45 Europe/Berlin] Inicia App
[07-Apr-2023 17:15:46 Europe/Berlin] Inicia App
[07-Apr-2023 17:15:46 Europe/Berlin] Inicia App
[07-Apr-2023 17:15:47 Europe/Berlin] Inicia App
[07-Apr-2023 17:15:48 Europe/Berlin] Inicia App
[07-Apr-2023 17:15:49 Europe/Berlin] Inicia App
[07-Apr-2023 17:15:50 Europe/Berlin] Inicia App
[07-Apr-2023 17:15:51 Europe/Berlin] Inicia App
[07-Apr-2023 17:15:51 Europe/Berlin] Inicia App
[07-Apr-2023 17:15:52 Europe/Berlin] Inicia App
[07-Apr-2023 17:15:52 Europe/Berlin] Inicia App
[07-Apr-2023 17:15:53 Europe/Berlin] Inicia App
[07-Apr-2023 17:15:53 Europe/Berlin] Inicia App
[07-Apr-2023 17:17:26 Europe/Berlin] Inicia App
[07-Apr-2023 17:17:28 Europe/Berlin] Inicia App
[07-Apr-2023 17:17:34 Europe/Berlin] Inicia App
[07-Apr-2023 17:17:37 Europe/Berlin] Inicia App
[07-Apr-2023 17:24:00 Europe/Berlin] Inicia App
[07-Apr-2023 17:24:02 Europe/Berlin] Inicia App
[07-Apr-2023 17:24:04 Europe/Berlin] Inicia App
[07-Apr-2023 17:24:15 Europe/Berlin] Inicia App
[07-Apr-2023 17:24:20 Europe/Berlin] Inicia App
[07-Apr-2023 17:24:20 Europe/Berlin] Inicia App
[07-Apr-2023 17:24:21 Europe/Berlin] Inicia App
[07-Apr-2023 17:24:22 Europe/Berlin] Inicia App
[07-Apr-2023 17:24:23 Europe/Berlin] Inicia App
[07-Apr-2023 17:24:24 Europe/Berlin] Inicia App
[07-Apr-2023 17:24:25 Europe/Berlin] Inicia App
[07-Apr-2023 17:24:26 Europe/Berlin] Inicia App
[07-Apr-2023 17:24:26 Europe/Berlin] Inicia App
[07-Apr-2023 17:24:27 Europe/Berlin] Inicia App
[07-Apr-2023 17:24:30 Europe/Berlin] Inicia App
[07-Apr-2023 17:24:30 Europe/Berlin] Inicia App
[07-Apr-2023 17:24:31 Europe/Berlin] Inicia App
[07-Apr-2023 17:24:32 Europe/Berlin] Inicia App
[07-Apr-2023 17:24:33 Europe/Berlin] Inicia App
[07-Apr-2023 17:24:34 Europe/Berlin] Inicia App
[07-Apr-2023 17:24:35 Europe/Berlin] Inicia App
[07-Apr-2023 17:24:35 Europe/Berlin] Inicia App
[07-Apr-2023 17:24:36 Europe/Berlin] Inicia App
[07-Apr-2023 17:24:37 Europe/Berlin] Inicia App
[07-Apr-2023 17:24:43 Europe/Berlin] Inicia App
[07-Apr-2023 17:24:43 Europe/Berlin] Inicia App
[07-Apr-2023 17:24:44 Europe/Berlin] Inicia App
[07-Apr-2023 17:24:45 Europe/Berlin] Inicia App
[07-Apr-2023 17:24:46 Europe/Berlin] Inicia App
[07-Apr-2023 17:24:47 Europe/Berlin] Inicia App
[07-Apr-2023 17:24:48 Europe/Berlin] Inicia App
[07-Apr-2023 17:24:48 Europe/Berlin] Inicia App
[07-Apr-2023 17:24:49 Europe/Berlin] Inicia App
[07-Apr-2023 17:24:50 Europe/Berlin] Inicia App
[07-Apr-2023 17:25:14 Europe/Berlin] Inicia App
[07-Apr-2023 17:25:15 Europe/Berlin] Inicia App
[07-Apr-2023 17:25:16 Europe/Berlin] Inicia App
[07-Apr-2023 17:25:17 Europe/Berlin] Inicia App
[07-Apr-2023 17:25:18 Europe/Berlin] Inicia App
[07-Apr-2023 17:25:19 Europe/Berlin] Inicia App
[07-Apr-2023 17:25:19 Europe/Berlin] Inicia App
[07-Apr-2023 17:25:20 Europe/Berlin] Inicia App
[07-Apr-2023 17:25:21 Europe/Berlin] Inicia App
[07-Apr-2023 17:25:22 Europe/Berlin] Inicia App
[07-Apr-2023 17:25:24 Europe/Berlin] Inicia App
[07-Apr-2023 17:25:25 Europe/Berlin] Inicia App
[07-Apr-2023 17:25:26 Europe/Berlin] Inicia App
[07-Apr-2023 17:25:27 Europe/Berlin] Inicia App
[07-Apr-2023 17:25:28 Europe/Berlin] Inicia App
[07-Apr-2023 17:25:28 Europe/Berlin] Inicia App
[07-Apr-2023 17:25:29 Europe/Berlin] Inicia App
[07-Apr-2023 17:25:30 Europe/Berlin] Inicia App
[07-Apr-2023 17:25:31 Europe/Berlin] Inicia App
[07-Apr-2023 17:25:32 Europe/Berlin] Inicia App
[07-Apr-2023 17:25:33 Europe/Berlin] Inicia App
[07-Apr-2023 17:25:34 Europe/Berlin] Inicia App
[07-Apr-2023 17:25:35 Europe/Berlin] Inicia App
[07-Apr-2023 17:25:35 Europe/Berlin] Inicia App
[07-Apr-2023 17:25:36 Europe/Berlin] Inicia App
[07-Apr-2023 17:25:37 Europe/Berlin] Inicia App
[07-Apr-2023 17:25:42 Europe/Berlin] Inicia App
[07-Apr-2023 17:27:47 Europe/Berlin] Inicia App
[07-Apr-2023 17:27:50 Europe/Berlin] Inicia App
[07-Apr-2023 17:27:55 Europe/Berlin] Inicia App
[07-Apr-2023 17:28:06 Europe/Berlin] Inicia App
[07-Apr-2023 17:28:07 Europe/Berlin] Inicia App
[07-Apr-2023 17:28:10 Europe/Berlin] Inicia App
[07-Apr-2023 17:28:13 Europe/Berlin] Inicia App
[07-Apr-2023 17:28:17 Europe/Berlin] Inicia App
[07-Apr-2023 17:28:21 Europe/Berlin] Inicia App
[07-Apr-2023 17:29:36 Europe/Berlin] Inicia App
[07-Apr-2023 17:29:39 Europe/Berlin] Inicia App
[07-Apr-2023 17:54:49 Europe/Berlin] Inicia App
[07-Apr-2023 17:54:52 Europe/Berlin] Inicia App
[07-Apr-2023 17:54:55 Europe/Berlin] Inicia App
[07-Apr-2023 17:54:58 Europe/Berlin] Inicia App
[07-Apr-2023 17:55:09 Europe/Berlin] Inicia App
[07-Apr-2023 17:55:12 Europe/Berlin] Inicia App
[07-Apr-2023 17:55:14 Europe/Berlin] Inicia App
[07-Apr-2023 17:55:17 Europe/Berlin] Inicia App
[07-Apr-2023 17:55:19 Europe/Berlin] Inicia App
[07-Apr-2023 17:55:24 Europe/Berlin] Inicia App
[07-Apr-2023 17:55:26 Europe/Berlin] Inicia App
[07-Apr-2023 17:55:26 Europe/Berlin] Inicia App
[07-Apr-2023 17:55:27 Europe/Berlin] Inicia App
[07-Apr-2023 17:55:30 Europe/Berlin] Inicia App
[07-Apr-2023 17:55:34 Europe/Berlin] Inicia App
[07-Apr-2023 17:55:39 Europe/Berlin] Inicia App
[07-Apr-2023 18:51:52 Europe/Berlin] Inicia App
[07-Apr-2023 18:53:35 Europe/Berlin] Inicia App
[07-Apr-2023 18:53:37 Europe/Berlin] Inicia App
[07-Apr-2023 18:53:46 Europe/Berlin] Inicia App
[07-Apr-2023 18:54:07 Europe/Berlin] Inicia App
[07-Apr-2023 18:54:11 Europe/Berlin] Inicia App
[07-Apr-2023 18:56:47 Europe/Berlin] Inicia App
[07-Apr-2023 18:56:53 Europe/Berlin] Inicia App
[07-Apr-2023 18:59:12 Europe/Berlin] Inicia App
[07-Apr-2023 20:15:25 Europe/Berlin] Inicia App
[07-Apr-2023 20:15:29 Europe/Berlin] Inicia App
[07-Apr-2023 20:37:14 Europe/Berlin] Inicia App
[07-Apr-2023 20:39:29 Europe/Berlin] Inicia App
[07-Apr-2023 20:39:34 Europe/Berlin] Inicia App
[07-Apr-2023 20:39:37 Europe/Berlin] Inicia App
[07-Apr-2023 20:39:39 Europe/Berlin] Inicia App
[07-Apr-2023 20:39:42 Europe/Berlin] Inicia App
[07-Apr-2023 20:39:51 Europe/Berlin] Inicia App
[07-Apr-2023 20:40:04 Europe/Berlin] Inicia App
[07-Apr-2023 20:40:11 Europe/Berlin] Inicia App
[08-Apr-2023 00:40:13 Europe/Berlin] Inicia App
[08-Apr-2023 00:40:18 Europe/Berlin] Inicia App
[08-Apr-2023 00:40:18 Europe/Berlin] Inicia App
[08-Apr-2023 00:40:18 Europe/Berlin] Inicia App
[08-Apr-2023 02:41:34 Europe/Berlin] Inicia App
[08-Apr-2023 02:41:39 Europe/Berlin] Inicia App
[08-Apr-2023 02:42:37 Europe/Berlin] Inicia App
[08-Apr-2023 02:42:38 Europe/Berlin] Inicia App
[08-Apr-2023 02:42:59 Europe/Berlin] Inicia App
[08-Apr-2023 02:43:23 Europe/Berlin] Inicia App
[08-Apr-2023 02:43:59 Europe/Berlin] Inicia App
[08-Apr-2023 02:44:01 Europe/Berlin] Inicia App
[08-Apr-2023 04:17:42 Europe/Berlin] Inicia App
[08-Apr-2023 04:17:47 Europe/Berlin] Inicia App
[08-Apr-2023 04:51:00 Europe/Berlin] Inicia App
[08-Apr-2023 04:51:04 Europe/Berlin] Inicia App
[08-Apr-2023 04:51:21 Europe/Berlin] Inicia App
[08-Apr-2023 04:51:25 Europe/Berlin] Inicia App
[08-Apr-2023 06:59:41 Europe/Berlin] Inicia App
[08-Apr-2023 06:59:44 Europe/Berlin] Inicia App
[08-Apr-2023 06:59:49 Europe/Berlin] Inicia App
[08-Apr-2023 06:59:55 Europe/Berlin] Inicia App
[08-Apr-2023 06:59:57 Europe/Berlin] Inicia App
[08-Apr-2023 07:00:03 Europe/Berlin] Inicia App
[08-Apr-2023 07:07:29 Europe/Berlin] Inicia App
[08-Apr-2023 07:07:33 Europe/Berlin] Inicia App
[08-Apr-2023 08:25:38 Europe/Berlin] Inicia App
[08-Apr-2023 08:25:41 Europe/Berlin] Inicia App
[08-Apr-2023 08:32:49 Europe/Berlin] Inicia App
[08-Apr-2023 08:32:52 Europe/Berlin] Inicia App
[08-Apr-2023 11:36:49 Europe/Berlin] Inicia App
[08-Apr-2023 11:36:54 Europe/Berlin] Inicia App
[08-Apr-2023 11:38:53 Europe/Berlin] Inicia App
[08-Apr-2023 11:43:26 Europe/Berlin] Inicia App
[08-Apr-2023 11:43:30 Europe/Berlin] Inicia App
[08-Apr-2023 18:18:08 Europe/Berlin] Inicia App
[08-Apr-2023 18:21:04 Europe/Berlin] Inicia App
[08-Apr-2023 20:11:14 Europe/Berlin] Inicia App
[08-Apr-2023 20:11:18 Europe/Berlin] Inicia App
[08-Apr-2023 20:21:43 Europe/Berlin] Inicia App
[08-Apr-2023 20:21:46 Europe/Berlin] Inicia App
[08-Apr-2023 20:28:58 Europe/Berlin] Inicia App
[08-Apr-2023 20:29:02 Europe/Berlin] Inicia App
[08-Apr-2023 20:38:35 Europe/Berlin] Inicia App
[08-Apr-2023 20:38:38 Europe/Berlin] Inicia App
[08-Apr-2023 21:34:13 Europe/Berlin] Inicia App
[08-Apr-2023 21:34:16 Europe/Berlin] Inicia App
[08-Apr-2023 22:07:34 Europe/Berlin] Inicia App
[08-Apr-2023 23:03:30 Europe/Berlin] Inicia App
[08-Apr-2023 23:03:33 Europe/Berlin] Inicia App
[08-Apr-2023 23:13:23 Europe/Berlin] Inicia App
[08-Apr-2023 23:13:26 Europe/Berlin] Inicia App
[08-Apr-2023 23:21:42 Europe/Berlin] Inicia App
[08-Apr-2023 23:21:46 Europe/Berlin] Inicia App
[08-Apr-2023 23:21:50 Europe/Berlin] Inicia App
[08-Apr-2023 23:21:53 Europe/Berlin] Inicia App
[08-Apr-2023 23:23:05 Europe/Berlin] Inicia App
[08-Apr-2023 23:34:33 Europe/Berlin] Inicia App
[08-Apr-2023 23:34:37 Europe/Berlin] Inicia App
[08-Apr-2023 23:34:41 Europe/Berlin] Inicia App
[08-Apr-2023 23:34:51 Europe/Berlin] Inicia App
[08-Apr-2023 23:34:54 Europe/Berlin] Inicia App
[08-Apr-2023 23:45:02 Europe/Berlin] Inicia App
[08-Apr-2023 23:45:07 Europe/Berlin] Inicia App
[08-Apr-2023 23:45:12 Europe/Berlin] Inicia App
[08-Apr-2023 23:45:19 Europe/Berlin] Inicia App
[09-Apr-2023 00:02:23 Europe/Berlin] Inicia App
[09-Apr-2023 00:02:28 Europe/Berlin] Inicia App
[09-Apr-2023 00:03:06 Europe/Berlin] Inicia App
[09-Apr-2023 00:03:09 Europe/Berlin] Inicia App
[09-Apr-2023 00:05:04 Europe/Berlin] Inicia App
[09-Apr-2023 00:05:07 Europe/Berlin] Inicia App
[09-Apr-2023 00:25:47 Europe/Berlin] Inicia App
[09-Apr-2023 00:27:02 Europe/Berlin] Inicia App
[09-Apr-2023 00:42:23 Europe/Berlin] Inicia App
[09-Apr-2023 00:42:26 Europe/Berlin] Inicia App
[09-Apr-2023 00:49:43 Europe/Berlin] Inicia App
[09-Apr-2023 00:49:47 Europe/Berlin] Inicia App
[09-Apr-2023 02:21:32 Europe/Berlin] Inicia App
[09-Apr-2023 02:21:36 Europe/Berlin] Inicia App
[09-Apr-2023 04:03:18 Europe/Berlin] Inicia App
[09-Apr-2023 04:03:22 Europe/Berlin] Inicia App
[09-Apr-2023 04:37:28 Europe/Berlin] Inicia App
[09-Apr-2023 04:37:31 Europe/Berlin] Inicia App
[09-Apr-2023 04:39:59 Europe/Berlin] Inicia App
[09-Apr-2023 04:40:03 Europe/Berlin] Inicia App
[09-Apr-2023 06:20:01 Europe/Berlin] Inicia App
[09-Apr-2023 06:20:04 Europe/Berlin] Inicia App
[09-Apr-2023 16:04:42 Europe/Berlin] Inicia App
[09-Apr-2023 16:04:47 Europe/Berlin] Inicia App
[09-Apr-2023 16:07:28 Europe/Berlin] Inicia App
[09-Apr-2023 16:07:32 Europe/Berlin] Inicia App
[09-Apr-2023 16:07:37 Europe/Berlin] Inicia App
[09-Apr-2023 16:07:37 Europe/Berlin] PHP Fatal error:  Uncaught Error: mysqli object is already closed in C:\xampp\htdocs\facturacion\index.php:64
Stack trace:
#0 C:\xampp\htdocs\facturacion\index.php(64): mysqli_real_escape_string(Object(mysqli), 'admin')
#1 {main}
  thrown in C:\xampp\htdocs\facturacion\index.php on line 64
[09-Apr-2023 16:07:41 Europe/Berlin] Inicia App
[09-Apr-2023 16:07:44 Europe/Berlin] Inicia App
[09-Apr-2023 16:08:13 Europe/Berlin] Inicia App
[09-Apr-2023 16:08:13 Europe/Berlin] PHP Fatal error:  Uncaught Error: mysqli object is already closed in C:\xampp\htdocs\facturacion\index.php:64
Stack trace:
#0 C:\xampp\htdocs\facturacion\index.php(64): mysqli_real_escape_string(Object(mysqli), 'admin')
#1 {main}
  thrown in C:\xampp\htdocs\facturacion\index.php on line 64
[09-Apr-2023 16:08:16 Europe/Berlin] Inicia App
[09-Apr-2023 16:09:33 Europe/Berlin] Inicia App
[09-Apr-2023 16:09:38 Europe/Berlin] Inicia App
[09-Apr-2023 16:09:46 Europe/Berlin] Inicia App
[09-Apr-2023 16:54:23 Europe/Berlin] Inicia App
[09-Apr-2023 16:54:28 Europe/Berlin] Inicia App
[09-Apr-2023 17:06:44 Europe/Berlin] Inicia App
[09-Apr-2023 17:06:48 Europe/Berlin] Inicia App
[09-Apr-2023 17:13:03 Europe/Berlin] Inicia App
[09-Apr-2023 17:13:07 Europe/Berlin] Inicia App
[09-Apr-2023 17:13:07 Europe/Berlin] PHP Fatal error:  Uncaught mysqli_sql_exception: You have an error in your SQL syntax; check the manual that corresponds to your MariaDB server version for the right syntax to use near 'u.rol = r.idrol WHERE usuario = 'admin' and clave = '202cb962ac59075b964b0715...' at line 1 in C:\xampp\htdocs\facturacion\index.php:67
Stack trace:
#0 C:\xampp\htdocs\facturacion\index.php(67): mysqli_query(Object(mysqli), 'SELECT u.idusua...')
#1 {main}
  thrown in C:\xampp\htdocs\facturacion\index.php on line 67
[09-Apr-2023 17:13:10 Europe/Berlin] Inicia App
[09-Apr-2023 17:13:15 Europe/Berlin] Inicia App
[09-Apr-2023 17:13:19 Europe/Berlin] Inicia App
[09-Apr-2023 17:13:19 Europe/Berlin] PHP Fatal error:  Uncaught mysqli_sql_exception: You have an error in your SQL syntax; check the manual that corresponds to your MariaDB server version for the right syntax to use near 'u.rol = r.idrol WHERE usuario = 'admin' and clave = '202cb962ac59075b964b0715...' at line 1 in C:\xampp\htdocs\facturacion\index.php:67
Stack trace:
#0 C:\xampp\htdocs\facturacion\index.php(67): mysqli_query(Object(mysqli), 'SELECT u.idusua...')
#1 {main}
  thrown in C:\xampp\htdocs\facturacion\index.php on line 67
[09-Apr-2023 17:13:47 Europe/Berlin] Inicia App
[09-Apr-2023 17:13:47 Europe/Berlin] PHP Fatal error:  Uncaught mysqli_sql_exception: You have an error in your SQL syntax; check the manual that corresponds to your MariaDB server version for the right syntax to use near 'u.rol = r.idrol WHERE usuario = 'admin' and clave = '202cb962ac59075b964b0715...' at line 1 in C:\xampp\htdocs\facturacion\index.php:67
Stack trace:
#0 C:\xampp\htdocs\facturacion\index.php(67): mysqli_query(Object(mysqli), 'SELECT u.idusua...')
#1 {main}
  thrown in C:\xampp\htdocs\facturacion\index.php on line 67
[09-Apr-2023 17:13:52 Europe/Berlin] Inicia App
[09-Apr-2023 17:16:25 Europe/Berlin] Inicia App
[09-Apr-2023 17:16:29 Europe/Berlin] Inicia App
[09-Apr-2023 17:16:36 Europe/Berlin] Inicia App
[09-Apr-2023 17:16:40 Europe/Berlin] Inicia App
[09-Apr-2023 17:21:11 Europe/Berlin] Inicia App
[09-Apr-2023 17:21:15 Europe/Berlin] Inicia App
[09-Apr-2023 17:22:57 Europe/Berlin] Inicia App
[09-Apr-2023 17:22:58 Europe/Berlin] Inicia App
[09-Apr-2023 17:22:59 Europe/Berlin] Inicia App
[09-Apr-2023 17:23:00 Europe/Berlin] Inicia App
[09-Apr-2023 17:23:01 Europe/Berlin] Inicia App
[09-Apr-2023 17:23:02 Europe/Berlin] Inicia App
[09-Apr-2023 17:23:03 Europe/Berlin] Inicia App
[09-Apr-2023 17:23:03 Europe/Berlin] Inicia App
[09-Apr-2023 17:23:04 Europe/Berlin] Inicia App
[09-Apr-2023 17:23:05 Europe/Berlin] Inicia App
[09-Apr-2023 17:23:07 Europe/Berlin] Inicia App
[09-Apr-2023 17:23:07 Europe/Berlin] Inicia App
[09-Apr-2023 17:23:08 Europe/Berlin] Inicia App
[09-Apr-2023 17:23:09 Europe/Berlin] Inicia App
[09-Apr-2023 17:23:10 Europe/Berlin] Inicia App
[09-Apr-2023 17:23:11 Europe/Berlin] Inicia App
[09-Apr-2023 17:23:12 Europe/Berlin] Inicia App
[09-Apr-2023 17:23:12 Europe/Berlin] Inicia App
[09-Apr-2023 17:23:13 Europe/Berlin] Inicia App
[09-Apr-2023 17:23:14 Europe/Berlin] Inicia App
[09-Apr-2023 17:23:20 Europe/Berlin] Inicia App
[09-Apr-2023 17:23:21 Europe/Berlin] Inicia App
[09-Apr-2023 17:23:22 Europe/Berlin] Inicia App
[09-Apr-2023 17:23:23 Europe/Berlin] Inicia App
[09-Apr-2023 17:23:23 Europe/Berlin] Inicia App
[09-Apr-2023 17:23:24 Europe/Berlin] Inicia App
[09-Apr-2023 17:23:25 Europe/Berlin] Inicia App
[09-Apr-2023 17:23:26 Europe/Berlin] Inicia App
[09-Apr-2023 17:23:27 Europe/Berlin] Inicia App
[09-Apr-2023 17:23:27 Europe/Berlin] Inicia App
[09-Apr-2023 17:23:28 Europe/Berlin] Inicia App
[09-Apr-2023 17:23:29 Europe/Berlin] Inicia App
[09-Apr-2023 17:23:30 Europe/Berlin] Inicia App
[09-Apr-2023 17:23:31 Europe/Berlin] Inicia App
[09-Apr-2023 17:23:32 Europe/Berlin] Inicia App
[09-Apr-2023 17:23:32 Europe/Berlin] Inicia App
[09-Apr-2023 17:23:35 Europe/Berlin] Inicia App
[09-Apr-2023 17:23:36 Europe/Berlin] Inicia App
[09-Apr-2023 17:23:36 Europe/Berlin] Inicia App
[09-Apr-2023 17:23:37 Europe/Berlin] Inicia App
[09-Apr-2023 17:23:38 Europe/Berlin] Inicia App
[09-Apr-2023 17:23:39 Europe/Berlin] Inicia App
[09-Apr-2023 17:23:40 Europe/Berlin] Inicia App
[09-Apr-2023 17:23:41 Europe/Berlin] Inicia App
[09-Apr-2023 17:23:42 Europe/Berlin] Inicia App
[09-Apr-2023 17:23:42 Europe/Berlin] Inicia App
[09-Apr-2023 17:23:44 Europe/Berlin] Inicia App
[09-Apr-2023 17:23:47 Europe/Berlin] Inicia App
[09-Apr-2023 17:23:49 Europe/Berlin] Inicia App
[09-Apr-2023 17:23:54 Europe/Berlin] Inicia App
[09-Apr-2023 17:26:38 Europe/Berlin] Inicia App
[09-Apr-2023 17:26:43 Europe/Berlin] Inicia App
[09-Apr-2023 17:26:46 Europe/Berlin] Inicia App
[09-Apr-2023 17:26:49 Europe/Berlin] Inicia App
[09-Apr-2023 17:26:55 Europe/Berlin] Inicia App
[09-Apr-2023 17:27:15 Europe/Berlin] Inicia App
[09-Apr-2023 17:27:16 Europe/Berlin] Inicia App
[09-Apr-2023 17:27:17 Europe/Berlin] Inicia App
[09-Apr-2023 17:27:18 Europe/Berlin] Inicia App
[09-Apr-2023 17:27:18 Europe/Berlin] Inicia App
[09-Apr-2023 17:27:20 Europe/Berlin] Inicia App
[09-Apr-2023 17:27:21 Europe/Berlin] Inicia App
[09-Apr-2023 17:27:22 Europe/Berlin] Inicia App
[09-Apr-2023 17:27:23 Europe/Berlin] Inicia App
[09-Apr-2023 17:27:24 Europe/Berlin] Inicia App
[09-Apr-2023 17:27:24 Europe/Berlin] Inicia App
[09-Apr-2023 17:27:25 Europe/Berlin] Inicia App
[09-Apr-2023 17:27:26 Europe/Berlin] Inicia App
[09-Apr-2023 17:27:27 Europe/Berlin] Inicia App
[09-Apr-2023 17:27:29 Europe/Berlin] Inicia App
[09-Apr-2023 17:27:30 Europe/Berlin] Inicia App
[09-Apr-2023 17:27:31 Europe/Berlin] Inicia App
[09-Apr-2023 17:27:32 Europe/Berlin] Inicia App
[09-Apr-2023 17:27:33 Europe/Berlin] Inicia App
[09-Apr-2023 17:27:33 Europe/Berlin] Inicia App
[09-Apr-2023 17:27:34 Europe/Berlin] Inicia App
[09-Apr-2023 17:27:35 Europe/Berlin] Inicia App
[09-Apr-2023 17:27:36 Europe/Berlin] Inicia App
[09-Apr-2023 17:27:37 Europe/Berlin] Inicia App
[09-Apr-2023 17:27:38 Europe/Berlin] Inicia App
[09-Apr-2023 17:27:39 Europe/Berlin] Inicia App
[09-Apr-2023 17:27:40 Europe/Berlin] Inicia App
[09-Apr-2023 17:27:40 Europe/Berlin] Inicia App
[09-Apr-2023 17:27:41 Europe/Berlin] Inicia App
[09-Apr-2023 17:27:42 Europe/Berlin] Inicia App
[09-Apr-2023 17:27:43 Europe/Berlin] Inicia App
[09-Apr-2023 17:27:44 Europe/Berlin] Inicia App
[09-Apr-2023 17:27:45 Europe/Berlin] Inicia App
[09-Apr-2023 17:27:48 Europe/Berlin] Inicia App
[09-Apr-2023 17:27:49 Europe/Berlin] Inicia App
[09-Apr-2023 17:27:49 Europe/Berlin] Inicia App
[09-Apr-2023 17:27:50 Europe/Berlin] Inicia App
[09-Apr-2023 17:27:51 Europe/Berlin] Inicia App
[09-Apr-2023 17:27:52 Europe/Berlin] Inicia App
[09-Apr-2023 17:27:53 Europe/Berlin] Inicia App
[09-Apr-2023 17:27:54 Europe/Berlin] Inicia App
[09-Apr-2023 17:27:55 Europe/Berlin] Inicia App
[09-Apr-2023 17:27:55 Europe/Berlin] Inicia App
[09-Apr-2023 17:28:02 Europe/Berlin] Inicia App
[09-Apr-2023 17:28:03 Europe/Berlin] Inicia App
[09-Apr-2023 17:28:03 Europe/Berlin] Inicia App
[09-Apr-2023 17:28:04 Europe/Berlin] Inicia App
[09-Apr-2023 17:28:05 Europe/Berlin] Inicia App
[09-Apr-2023 17:28:06 Europe/Berlin] Inicia App
[09-Apr-2023 17:28:07 Europe/Berlin] Inicia App
[09-Apr-2023 17:28:08 Europe/Berlin] Inicia App
[09-Apr-2023 17:28:08 Europe/Berlin] Inicia App
[09-Apr-2023 17:28:09 Europe/Berlin] Inicia App
[09-Apr-2023 17:28:15 Europe/Berlin] Inicia App
[09-Apr-2023 17:28:27 Europe/Berlin] Inicia App
[09-Apr-2023 17:30:52 Europe/Berlin] Inicia App
[09-Apr-2023 17:31:19 Europe/Berlin] Inicia App
[09-Apr-2023 17:31:24 Europe/Berlin] Inicia App
[09-Apr-2023 17:31:36 Europe/Berlin] Inicia App
[09-Apr-2023 17:31:36 Europe/Berlin] Inicia App
[09-Apr-2023 17:34:06 Europe/Berlin] Inicia App
[09-Apr-2023 17:34:13 Europe/Berlin] Inicia App
[09-Apr-2023 17:34:17 Europe/Berlin] Inicia App
[09-Apr-2023 17:36:39 Europe/Berlin] Inicia App
[09-Apr-2023 17:36:39 Europe/Berlin] Inicia App
[09-Apr-2023 17:36:40 Europe/Berlin] Inicia App
[09-Apr-2023 17:36:41 Europe/Berlin] Inicia App
[09-Apr-2023 17:36:42 Europe/Berlin] Inicia App
[09-Apr-2023 17:36:43 Europe/Berlin] Inicia App
[09-Apr-2023 17:36:44 Europe/Berlin] Inicia App
[09-Apr-2023 17:36:55 Europe/Berlin] Inicia App
[09-Apr-2023 17:36:55 Europe/Berlin] Inicia App
[09-Apr-2023 17:36:56 Europe/Berlin] Inicia App
[09-Apr-2023 17:36:56 Europe/Berlin] Inicia App
[09-Apr-2023 17:36:57 Europe/Berlin] Inicia App
[09-Apr-2023 17:36:58 Europe/Berlin] Inicia App
[09-Apr-2023 17:36:59 Europe/Berlin] Inicia App
[09-Apr-2023 17:37:00 Europe/Berlin] Inicia App
[09-Apr-2023 17:37:02 Europe/Berlin] Inicia App
[09-Apr-2023 17:37:03 Europe/Berlin] Inicia App
[09-Apr-2023 17:37:04 Europe/Berlin] Inicia App
[09-Apr-2023 17:37:05 Europe/Berlin] Inicia App
[09-Apr-2023 17:37:05 Europe/Berlin] Inicia App
[09-Apr-2023 17:37:06 Europe/Berlin] Inicia App
[09-Apr-2023 17:37:07 Europe/Berlin] Inicia App
[09-Apr-2023 17:37:08 Europe/Berlin] Inicia App
[09-Apr-2023 17:37:09 Europe/Berlin] Inicia App
[09-Apr-2023 17:37:10 Europe/Berlin] Inicia App
[09-Apr-2023 17:37:11 Europe/Berlin] Inicia App
[09-Apr-2023 17:37:12 Europe/Berlin] Inicia App
[09-Apr-2023 17:37:13 Europe/Berlin] Inicia App
[09-Apr-2023 17:37:14 Europe/Berlin] Inicia App
[09-Apr-2023 17:37:14 Europe/Berlin] Inicia App
[09-Apr-2023 17:37:15 Europe/Berlin] Inicia App
[09-Apr-2023 17:37:16 Europe/Berlin] Inicia App
[09-Apr-2023 17:37:17 Europe/Berlin] Inicia App
[09-Apr-2023 17:37:21 Europe/Berlin] Inicia App
[09-Apr-2023 17:37:45 Europe/Berlin] Inicia App
[09-Apr-2023 17:38:03 Europe/Berlin] Inicia App
[09-Apr-2023 17:39:23 Europe/Berlin] Inicia App
[09-Apr-2023 17:39:44 Europe/Berlin] Inicia App
[09-Apr-2023 17:39:47 Europe/Berlin] Inicia App
[09-Apr-2023 17:39:55 Europe/Berlin] Inicia App
[09-Apr-2023 17:39:55 Europe/Berlin] Inicia App
[09-Apr-2023 17:40:07 Europe/Berlin] Inicia App
[09-Apr-2023 17:40:12 Europe/Berlin] Inicia App
[09-Apr-2023 17:41:12 Europe/Berlin] Inicia App
[09-Apr-2023 17:41:28 Europe/Berlin] Inicia App
[09-Apr-2023 17:43:23 Europe/Berlin] Inicia App
[09-Apr-2023 17:43:27 Europe/Berlin] Inicia App
[09-Apr-2023 17:44:45 Europe/Berlin] Inicia App
[09-Apr-2023 17:44:48 Europe/Berlin] Inicia App
[09-Apr-2023 17:44:52 Europe/Berlin] Inicia App
[09-Apr-2023 17:44:55 Europe/Berlin] Inicia App
[09-Apr-2023 17:44:59 Europe/Berlin] Inicia App
[09-Apr-2023 17:45:04 Europe/Berlin] Inicia App
[09-Apr-2023 17:45:07 Europe/Berlin] Inicia App
[09-Apr-2023 17:45:10 Europe/Berlin] Inicia App
[09-Apr-2023 17:45:13 Europe/Berlin] Inicia App
[09-Apr-2023 17:45:21 Europe/Berlin] Inicia App
[09-Apr-2023 17:45:24 Europe/Berlin] Inicia App
[09-Apr-2023 17:45:28 Europe/Berlin] Inicia App
[09-Apr-2023 17:45:32 Europe/Berlin] Inicia App
[09-Apr-2023 19:26:16 Europe/Berlin] Inicia App
